[debug] [2018-12-04T11:50:22.136Z] ----------------------------------------------------------------------
[debug] [2018-12-04T11:50:22.138Z] Command:       /usr/local/bin/node /usr/local/bin/firebase deploy --only functions
[debug] [2018-12-04T11:50:22.138Z] CLI Version:   3.15.2
[debug] [2018-12-04T11:50:22.138Z] Platform:      darwin
[debug] [2018-12-04T11:50:22.138Z] Node Version:  v10.13.0
[debug] [2018-12-04T11:50:22.138Z] Time:          Tue Dec 04 2018 12:50:22 GMT+0100 (GMT+01:00)
[debug] [2018-12-04T11:50:22.139Z] ----------------------------------------------------------------------
[debug] 
[debug] [2018-12-04T11:50:22.153Z] > command requires scopes: ["email","openid","https://www.googleapis.com/auth/cloudplatformprojects.readonly","https://www.googleapis.com/auth/firebase","https://www.googleapis.com/auth/cloud-platform"]
[debug] [2018-12-04T11:50:22.154Z] > authorizing via signed-in user
[debug] [2018-12-04T11:50:22.156Z] >>> HTTP REQUEST GET https://admin.firebase.com/v1/projects/test-8f9b5  
 Tue Dec 04 2018 12:50:22 GMT+0100 (GMT+01:00)
[debug] [2018-12-04T11:50:23.021Z] <<< HTTP RESPONSE 200
[debug] [2018-12-04T11:50:23.022Z] >>> HTTP REQUEST GET https://admin.firebase.com/v1/database/test-8f9b5/tokens  
 Tue Dec 04 2018 12:50:23 GMT+0100 (GMT+01:00)
[debug] [2018-12-04T11:50:23.796Z] <<< HTTP RESPONSE 200
[info] 
[info] === Deploying to 'test-8f9b5'...
[info] 
[info] i  deploying functions
[debug] [2018-12-04T11:50:24.672Z] > [functions] package.json contents: {
  "name": "functions",
  "scripts": {
    "lint": "tslint --project tsconfig.json",
    "build": "tsc",
    "serve": "npm run build && firebase serve --only functions",
    "shell": "npm run build && firebase functions:shell",
    "start": "npm run shell",
    "deploy": "firebase deploy --only functions",
    "logs": "firebase functions:log"
  },
  "main": "lib/index.js",
  "dependencies": {
    "@sendgrid/mail": "^6.3.1",
    "cors": "^2.8.5",
    "firebase-admin": "~6.0.0",
    "firebase-functions": "^2.1.0"
  },
  "devDependencies": {
    "tslint": "~5.8.0",
    "typescript": "~2.8.3"
  },
  "private": true
}
[info] i  functions: ensuring necessary APIs are enabled...
[info] i  runtimeconfig: ensuring necessary APIs are enabled...
[debug] [2018-12-04T11:50:24.675Z] >>> HTTP REQUEST GET https://servicemanagement.googleapis.com/v1/services/cloudfunctions.googleapis.com/projectSettings/test-8f9b5?view=CONSUMER_VIEW  
 Tue Dec 04 2018 12:50:24 GMT+0100 (GMT+01:00)
[debug] [2018-12-04T11:50:24.676Z] >>> HTTP REQUEST GET https://servicemanagement.googleapis.com/v1/services/runtimeconfig.googleapis.com/projectSettings/test-8f9b5?view=CONSUMER_VIEW  
 Tue Dec 04 2018 12:50:24 GMT+0100 (GMT+01:00)
[debug] [2018-12-04T11:50:26.555Z] <<< HTTP RESPONSE 200
[info] ✔  functions: all necessary APIs are enabled
[debug] [2018-12-04T11:50:26.559Z] <<< HTTP RESPONSE 200
[info] ✔  runtimeconfig: all necessary APIs are enabled
[debug] [2018-12-04T11:50:26.560Z] >>> HTTP REQUEST GET https://appengine.googleapis.com/v1/apps/test-8f9b5  
 Tue Dec 04 2018 12:50:26 GMT+0100 (GMT+01:00)
[debug] [2018-12-04T11:50:26.560Z] >>> HTTP REQUEST GET https://apikeys.googleapis.com/v1/projects/test-8f9b5/apiKeys  
 Tue Dec 04 2018 12:50:26 GMT+0100 (GMT+01:00)
[debug] [2018-12-04T11:50:27.731Z] <<< HTTP RESPONSE 200
[debug] [2018-12-04T11:50:27.734Z] <<< HTTP RESPONSE 200
[info] i  functions: preparing functions directory for uploading...
[debug] [2018-12-04T11:50:36.422Z] >>> HTTP REQUEST GET https://runtimeconfig.googleapis.com/v1beta1/projects/test-8f9b5/configs  
 Tue Dec 04 2018 12:50:36 GMT+0100 (GMT+01:00)
[debug] [2018-12-04T11:50:37.766Z] <<< HTTP RESPONSE 200
[debug] [2018-12-04T11:50:37.768Z] >>> HTTP REQUEST GET https://runtimeconfig.googleapis.com/v1beta1/projects/test-8f9b5/configs/sendgrid/variables  
 Tue Dec 04 2018 12:50:37 GMT+0100 (GMT+01:00)
[debug] [2018-12-04T11:50:38.175Z] <<< HTTP RESPONSE 200
[debug] [2018-12-04T11:50:38.176Z] >>> HTTP REQUEST GET https://runtimeconfig.googleapis.com/v1beta1/projects/test-8f9b5/configs/sendgrid/variables/key  
 Tue Dec 04 2018 12:50:38 GMT+0100 (GMT+01:00)
[debug] [2018-12-04T11:50:39.169Z] <<< HTTP RESPONSE 200
[info] i  functions: packaged functions (53.34 KB) for uploading
[debug] [2018-12-04T11:50:42.549Z] >>> HTTP REQUEST GET https://www.googleapis.com/storage/v1/b/staging.test-8f9b5.appspot.com  
 Tue Dec 04 2018 12:50:42 GMT+0100 (GMT+01:00)
[debug] [2018-12-04T11:50:42.885Z] <<< HTTP RESPONSE 200
[debug] [2018-12-04T11:50:42.886Z] >>> HTTP REQUEST POST https://www.googleapis.com/upload/storage/v1/b/staging.test-8f9b5.appspot.com/o?uploadType=media&name=firebase-functions-source ReadStream {
  _readableState:
   ReadableState {
     objectMode: false,
     highWaterMark: 65536,
     buffer: BufferList { head: [Object], tail: [Object], length: 2 },
     length: 54622,
     pipes: null,
     pipesCount: 0,
     flowing: null,
     ended: true,
     endEmitted: false,
     reading: false,
     sync: false,
     needReadable: false,
     emittedReadable: true,
     readableListening: false,
     resumeScheduled: false,
     emitClose: false,
     destroyed: false,
     defaultEncoding: 'utf8',
     awaitDrain: 0,
     readingMore: false,
     decoder: null,
     encoding: null },
  readable: true,
  domain: null,
  _events: { end: [Function] },
  _eventsCount: 1,
  _maxListeners: undefined,
  path:
   '/var/folders/3l/lvfg3b6n18s6yc5b9kcpx57h0000gn/T/firebase-functions-34401PSTnFkdp4lrp.zip',
  fd: 29,
  flags: 'r',
  mode: 438,
  start: undefined,
  end: Infinity,
  autoClose: true,
  pos: undefined,
  bytesRead: 54622,
  closed: false } 
 Tue Dec 04 2018 12:50:42 GMT+0100 (GMT+01:00)
[debug] [2018-12-04T11:50:43.434Z] <<< HTTP RESPONSE 200
[info] ✔  functions: functions folder uploaded successfully
[debug] [2018-12-04T11:50:43.435Z] >>> HTTP REQUEST GET https://cloudfunctions.googleapis.com/v1/projects/test-8f9b5/locations/us-central1/functions  
 Tue Dec 04 2018 12:50:43 GMT+0100 (GMT+01:00)
[debug] [2018-12-04T11:50:43.911Z] <<< HTTP RESPONSE 200
[info] i  functions: updating function sendEmail...
[debug] [2018-12-04T11:50:43.916Z] Trigger is: 
[info] i  functions: updating function addAdmin...
[debug] [2018-12-04T11:50:43.916Z] Trigger is: 
[info] i  functions: updating function setPermisions...
[debug] [2018-12-04T11:50:43.916Z] Trigger is: 
[debug] [2018-12-04T11:50:43.917Z] >>> HTTP REQUEST PATCH https://cloudfunctions.googleapis.com/v1/projects/test-8f9b5/locations/us-central1/functions/sendEmail { sourceArchiveUrl:
   'gs://staging.test-8f9b5.appspot.com/firebase-functions-source',
  name:
   'projects/test-8f9b5/locations/us-central1/functions/sendEmail',
  entryPoint: 'sendEmail',
  labels: { 'deployment-tool': 'cli-firebase' },
  httpsTrigger: {} } 
 Tue Dec 04 2018 12:50:43 GMT+0100 (GMT+01:00)
[debug] [2018-12-04T11:50:43.918Z] >>> HTTP REQUEST PATCH https://cloudfunctions.googleapis.com/v1/projects/test-8f9b5/locations/us-central1/functions/addAdmin { sourceArchiveUrl:
   'gs://staging.test-8f9b5.appspot.com/firebase-functions-source',
  name:
   'projects/test-8f9b5/locations/us-central1/functions/addAdmin',
  entryPoint: 'addAdmin',
  labels: { 'deployment-tool': 'cli-firebase' },
  httpsTrigger: {} } 
 Tue Dec 04 2018 12:50:43 GMT+0100 (GMT+01:00)
[debug] [2018-12-04T11:50:43.919Z] >>> HTTP REQUEST PATCH https://cloudfunctions.googleapis.com/v1/projects/test-8f9b5/locations/us-central1/functions/setPermisions { sourceArchiveUrl:
   'gs://staging.test-8f9b5.appspot.com/firebase-functions-source',
  name:
   'projects/test-8f9b5/locations/us-central1/functions/setPermisions',
  entryPoint: 'setPermisions',
  labels: { 'deployment-tool': 'cli-firebase' },
  eventTrigger:
   { resource: 'projects/test-8f9b5',
     eventType: 'providers/firebase.auth/eventTypes/user.create',
     service: 'firebaseauth.googleapis.com' } } 
 Tue Dec 04 2018 12:50:43 GMT+0100 (GMT+01:00)
[debug] [2018-12-04T11:50:44.263Z] <<< HTTP RESPONSE 200
[debug] [2018-12-04T11:50:44.365Z] <<< HTTP RESPONSE 200
[debug] [2018-12-04T11:50:44.395Z] <<< HTTP RESPONSE 200
[debug] [2018-12-04T11:50:44.396Z] >>> HTTP REQUEST GET https://cloudfunctions.googleapis.com/v1/operations/dGVzdC04ZjliNS91cy1jZW50cmFsMS9zZW5kRW1haWwvU2JONS02S3MyMUk  
 Tue Dec 04 2018 12:50:44 GMT+0100 (GMT+01:00)
[debug] [2018-12-04T11:50:44.396Z] >>> HTTP REQUEST GET https://cloudfunctions.googleapis.com/v1/operations/dGVzdC04ZjliNS91cy1jZW50cmFsMS9hZGRBZG1pbi9PT3RxTzdOWDdKYw  
 Tue Dec 04 2018 12:50:44 GMT+0100 (GMT+01:00)
[debug] [2018-12-04T11:50:44.397Z] >>> HTTP REQUEST GET https://cloudfunctions.googleapis.com/v1/operations/dGVzdC04ZjliNS91cy1jZW50cmFsMS9zZXRQZXJtaXNpb25zL1dENmcwNWdIdFhR  
 Tue Dec 04 2018 12:50:44 GMT+0100 (GMT+01:00)
[debug] [2018-12-04T11:50:45.138Z] <<< HTTP RESPONSE 200
[debug] [2018-12-04T11:50:45.140Z] <<< HTTP RESPONSE 200
[debug] [2018-12-04T11:50:45.752Z] <<< HTTP RESPONSE 200
